<?xml version="1.0" encoding="UTF-8"?>
<testsuite xmlns:xsi="http://www.w3.org/2001/XMLSchema-instance" xsi:noNamespaceSchemaLocation="https://maven.apache.org/surefire/maven-surefire-plugin/xsd/surefire-test-report.xsd" name="com.MybatisTests" time="5.081" tests="3" errors="0" skipped="0" failures="0">
  <properties>
    <property name="gopherProxySet" value="false"/>
    <property name="awt.toolkit" value="sun.lwawt.macosx.LWCToolkit"/>
    <property name="java.specification.version" value="11"/>
    <property name="sun.cpu.isalist" value=""/>
    <property name="sun.jnu.encoding" value="UTF-8"/>
    <property name="java.class.path" value="/Users/alex/zmh/repo/java/wow-backend/target/test-classes:/Users/alex/zmh/repo/java/wow-backend/target/classes:/Users/alex/zmh/repo/java/apache-maven-3.8.5/repo/org/springframework/boot/spring-boot-starter/2.7.0-SNAPSHOT/spring-boot-starter-2.7.0-SNAPSHOT.jar:/Users/alex/zmh/repo/java/apache-maven-3.8.5/repo/org/springframework/boot/spring-boot/2.7.0-SNAPSHOT/spring-boot-2.7.0-SNAPSHOT.jar:/Users/alex/zmh/repo/java/apache-maven-3.8.5/repo/org/springframework/spring-context/5.3.19/spring-context-5.3.19.jar:/Users/alex/zmh/repo/java/apache-maven-3.8.5/repo/org/springframework/boot/spring-boot-autoconfigure/2.7.0-SNAPSHOT/spring-boot-autoconfigure-2.7.0-SNAPSHOT.jar:/Users/alex/zmh/repo/java/apache-maven-3.8.5/repo/org/springframework/boot/spring-boot-starter-logging/2.7.0-SNAPSHOT/spring-boot-starter-logging-2.7.0-SNAPSHOT.jar:/Users/alex/zmh/repo/java/apache-maven-3.8.5/repo/ch/qos/logback/logback-classic/1.2.11/logback-classic-1.2.11.jar:/Users/alex/zmh/repo/java/apache-maven-3.8.5/repo/ch/qos/logback/logback-core/1.2.11/logback-core-1.2.11.jar:/Users/alex/zmh/repo/java/apache-maven-3.8.5/repo/org/apache/logging/log4j/log4j-to-slf4j/2.17.2/log4j-to-slf4j-2.17.2.jar:/Users/alex/zmh/repo/java/apache-maven-3.8.5/repo/org/apache/logging/log4j/log4j-api/2.17.2/log4j-api-2.17.2.jar:/Users/alex/zmh/repo/java/apache-maven-3.8.5/repo/org/slf4j/jul-to-slf4j/1.7.36/jul-to-slf4j-1.7.36.jar:/Users/alex/zmh/repo/java/apache-maven-3.8.5/repo/jakarta/annotation/jakarta.annotation-api/1.3.5/jakarta.annotation-api-1.3.5.jar:/Users/alex/zmh/repo/java/apache-maven-3.8.5/repo/org/springframework/spring-core/5.3.19/spring-core-5.3.19.jar:/Users/alex/zmh/repo/java/apache-maven-3.8.5/repo/org/springframework/spring-jcl/5.3.19/spring-jcl-5.3.19.jar:/Users/alex/zmh/repo/java/apache-maven-3.8.5/repo/org/yaml/snakeyaml/1.30/snakeyaml-1.30.jar:/Users/alex/zmh/repo/java/apache-maven-3.8.5/repo/org/springframework/boot/spring-boot-devtools/2.6.5/spring-boot-devtools-2.6.5.jar:/Users/alex/zmh/repo/java/apache-maven-3.8.5/repo/org/springframework/boot/spring-boot-starter-data-redis/2.6.3/spring-boot-starter-data-redis-2.6.3.jar:/Users/alex/zmh/repo/java/apache-maven-3.8.5/repo/org/springframework/data/spring-data-redis/2.7.0-RC1/spring-data-redis-2.7.0-RC1.jar:/Users/alex/zmh/repo/java/apache-maven-3.8.5/repo/org/springframework/data/spring-data-keyvalue/2.7.0-RC1/spring-data-keyvalue-2.7.0-RC1.jar:/Users/alex/zmh/repo/java/apache-maven-3.8.5/repo/org/springframework/data/spring-data-commons/2.7.0-RC1/spring-data-commons-2.7.0-RC1.jar:/Users/alex/zmh/repo/java/apache-maven-3.8.5/repo/org/springframework/spring-tx/5.3.19/spring-tx-5.3.19.jar:/Users/alex/zmh/repo/java/apache-maven-3.8.5/repo/org/springframework/spring-oxm/5.3.19/spring-oxm-5.3.19.jar:/Users/alex/zmh/repo/java/apache-maven-3.8.5/repo/org/springframework/spring-aop/5.3.19/spring-aop-5.3.19.jar:/Users/alex/zmh/repo/java/apache-maven-3.8.5/repo/org/springframework/spring-context-support/5.3.19/spring-context-support-5.3.19.jar:/Users/alex/zmh/repo/java/apache-maven-3.8.5/repo/io/lettuce/lettuce-core/6.1.8.RELEASE/lettuce-core-6.1.8.RELEASE.jar:/Users/alex/zmh/repo/java/apache-maven-3.8.5/repo/io/netty/netty-common/4.1.76.Final/netty-common-4.1.76.Final.jar:/Users/alex/zmh/repo/java/apache-maven-3.8.5/repo/io/netty/netty-handler/4.1.76.Final/netty-handler-4.1.76.Final.jar:/Users/alex/zmh/repo/java/apache-maven-3.8.5/repo/io/netty/netty-resolver/4.1.76.Final/netty-resolver-4.1.76.Final.jar:/Users/alex/zmh/repo/java/apache-maven-3.8.5/repo/io/netty/netty-buffer/4.1.76.Final/netty-buffer-4.1.76.Final.jar:/Users/alex/zmh/repo/java/apache-maven-3.8.5/repo/io/netty/netty-codec/4.1.76.Final/netty-codec-4.1.76.Final.jar:/Users/alex/zmh/repo/java/apache-maven-3.8.5/repo/io/netty/netty-transport/4.1.76.Final/netty-transport-4.1.76.Final.jar:/Users/alex/zmh/repo/java/apache-maven-3.8.5/repo/io/projectreactor/reactor-core/3.4.17/reactor-core-3.4.17.jar:/Users/alex/zmh/repo/java/apache-maven-3.8.5/repo/org/reactivestreams/reactive-streams/1.0.3/reactive-streams-1.0.3.jar:/Users/alex/zmh/repo/java/apache-maven-3.8.5/repo/redis/clients/jedis/3.8.0/jedis-3.8.0.jar:/Users/alex/zmh/repo/java/apache-maven-3.8.5/repo/org/slf4j/slf4j-api/1.7.36/slf4j-api-1.7.36.jar:/Users/alex/zmh/repo/java/apache-maven-3.8.5/repo/org/apache/commons/commons-pool2/2.11.1/commons-pool2-2.11.1.jar:/Users/alex/zmh/repo/java/apache-maven-3.8.5/repo/com/baomidou/mybatis-plus-generator/3.5.2/mybatis-plus-generator-3.5.2.jar:/Users/alex/zmh/repo/java/apache-maven-3.8.5/repo/org/apache/velocity/velocity-engine-core/2.3/velocity-engine-core-2.3.jar:/Users/alex/zmh/repo/java/apache-maven-3.8.5/repo/org/apache/commons/commons-lang3/3.12.0/commons-lang3-3.12.0.jar:/Users/alex/zmh/repo/java/apache-maven-3.8.5/repo/mysql/mysql-connector-java/8.0.28/mysql-connector-java-8.0.28.jar:/Users/alex/zmh/repo/java/apache-maven-3.8.5/repo/com/baomidou/mybatis-plus-boot-starter/3.5.1/mybatis-plus-boot-starter-3.5.1.jar:/Users/alex/zmh/repo/java/apache-maven-3.8.5/repo/com/baomidou/mybatis-plus/3.5.1/mybatis-plus-3.5.1.jar:/Users/alex/zmh/repo/java/apache-maven-3.8.5/repo/com/baomidou/mybatis-plus-extension/3.5.1/mybatis-plus-extension-3.5.1.jar:/Users/alex/zmh/repo/java/apache-maven-3.8.5/repo/com/baomidou/mybatis-plus-core/3.5.1/mybatis-plus-core-3.5.1.jar:/Users/alex/zmh/repo/java/apache-maven-3.8.5/repo/com/baomidou/mybatis-plus-annotation/3.5.1/mybatis-plus-annotation-3.5.1.jar:/Users/alex/zmh/repo/java/apache-maven-3.8.5/repo/com/github/jsqlparser/jsqlparser/4.3/jsqlparser-4.3.jar:/Users/alex/zmh/repo/java/apache-maven-3.8.5/repo/org/mybatis/mybatis/3.5.9/mybatis-3.5.9.jar:/Users/alex/zmh/repo/java/apache-maven-3.8.5/repo/org/mybatis/mybatis-spring/2.0.6/mybatis-spring-2.0.6.jar:/Users/alex/zmh/repo/java/apache-maven-3.8.5/repo/org/springframework/boot/spring-boot-starter-jdbc/2.7.0-SNAPSHOT/spring-boot-starter-jdbc-2.7.0-SNAPSHOT.jar:/Users/alex/zmh/repo/java/apache-maven-3.8.5/repo/com/zaxxer/HikariCP/4.0.3/HikariCP-4.0.3.jar:/Users/alex/zmh/repo/java/apache-maven-3.8.5/repo/org/springframework/spring-jdbc/5.3.19/spring-jdbc-5.3.19.jar:/Users/alex/zmh/repo/java/apache-maven-3.8.5/repo/org/projectlombok/lombok/1.18.22/lombok-1.18.22.jar:/Users/alex/zmh/repo/java/apache-maven-3.8.5/repo/io/springfox/springfox-boot-starter/3.0.0/springfox-boot-starter-3.0.0.jar:/Users/alex/zmh/repo/java/apache-maven-3.8.5/repo/io/springfox/springfox-oas/3.0.0/springfox-oas-3.0.0.jar:/Users/alex/zmh/repo/java/apache-maven-3.8.5/repo/io/swagger/core/v3/swagger-annotations/2.1.2/swagger-annotations-2.1.2.jar:/Users/alex/zmh/repo/java/apache-maven-3.8.5/repo/io/swagger/core/v3/swagger-models/2.1.2/swagger-models-2.1.2.jar:/Users/alex/zmh/repo/java/apache-maven-3.8.5/repo/io/springfox/springfox-spi/3.0.0/springfox-spi-3.0.0.jar:/Users/alex/zmh/repo/java/apache-maven-3.8.5/repo/io/springfox/springfox-schema/3.0.0/springfox-schema-3.0.0.jar:/Users/alex/zmh/repo/java/apache-maven-3.8.5/repo/io/springfox/springfox-core/3.0.0/springfox-core-3.0.0.jar:/Users/alex/zmh/repo/java/apache-maven-3.8.5/repo/io/springfox/springfox-spring-web/3.0.0/springfox-spring-web-3.0.0.jar:/Users/alex/zmh/repo/java/apache-maven-3.8.5/repo/io/github/classgraph/classgraph/4.8.83/classgraph-4.8.83.jar:/Users/alex/zmh/repo/java/apache-maven-3.8.5/repo/io/springfox/springfox-spring-webmvc/3.0.0/springfox-spring-webmvc-3.0.0.jar:/Users/alex/zmh/repo/java/apache-maven-3.8.5/repo/io/springfox/springfox-spring-webflux/3.0.0/springfox-spring-webflux-3.0.0.jar:/Users/alex/zmh/repo/java/apache-maven-3.8.5/repo/io/springfox/springfox-swagger-common/3.0.0/springfox-swagger-common-3.0.0.jar:/Users/alex/zmh/repo/java/apache-maven-3.8.5/repo/org/mapstruct/mapstruct/1.3.1.Final/mapstruct-1.3.1.Final.jar:/Users/alex/zmh/repo/java/apache-maven-3.8.5/repo/io/springfox/springfox-data-rest/3.0.0/springfox-data-rest-3.0.0.jar:/Users/alex/zmh/repo/java/apache-maven-3.8.5/repo/io/springfox/springfox-bean-validators/3.0.0/springfox-bean-validators-3.0.0.jar:/Users/alex/zmh/repo/java/apache-maven-3.8.5/repo/io/springfox/springfox-swagger2/3.0.0/springfox-swagger2-3.0.0.jar:/Users/alex/zmh/repo/java/apache-maven-3.8.5/repo/io/swagger/swagger-annotations/1.5.20/swagger-annotations-1.5.20.jar:/Users/alex/zmh/repo/java/apache-maven-3.8.5/repo/io/swagger/swagger-models/1.5.20/swagger-models-1.5.20.jar:/Users/alex/zmh/repo/java/apache-maven-3.8.5/repo/io/springfox/springfox-swagger-ui/3.0.0/springfox-swagger-ui-3.0.0.jar:/Users/alex/zmh/repo/java/apache-maven-3.8.5/repo/com/fasterxml/classmate/1.5.1/classmate-1.5.1.jar:/Users/alex/zmh/repo/java/apache-maven-3.8.5/repo/org/springframework/plugin/spring-plugin-core/2.0.0.RELEASE/spring-plugin-core-2.0.0.RELEASE.jar:/Users/alex/zmh/repo/java/apache-maven-3.8.5/repo/org/springframework/spring-beans/5.3.19/spring-beans-5.3.19.jar:/Users/alex/zmh/repo/java/apache-maven-3.8.5/repo/org/springframework/plugin/spring-plugin-metadata/2.0.0.RELEASE/spring-plugin-metadata-2.0.0.RELEASE.jar:/Users/alex/zmh/repo/java/apache-maven-3.8.5/repo/com/auth0/java-jwt/3.19.1/java-jwt-3.19.1.jar:/Users/alex/zmh/repo/java/apache-maven-3.8.5/repo/com/fasterxml/jackson/core/jackson-databind/2.13.2.1/jackson-databind-2.13.2.1.jar:/Users/alex/zmh/repo/java/apache-maven-3.8.5/repo/com/fasterxml/jackson/core/jackson-annotations/2.13.2/jackson-annotations-2.13.2.jar:/Users/alex/zmh/repo/java/apache-maven-3.8.5/repo/com/fasterxml/jackson/core/jackson-core/2.13.2/jackson-core-2.13.2.jar:/Users/alex/zmh/repo/java/apache-maven-3.8.5/repo/org/springframework/boot/spring-boot-starter-test/2.7.0-SNAPSHOT/spring-boot-starter-test-2.7.0-SNAPSHOT.jar:/Users/alex/zmh/repo/java/apache-maven-3.8.5/repo/org/springframework/boot/spring-boot-test/2.7.0-SNAPSHOT/spring-boot-test-2.7.0-SNAPSHOT.jar:/Users/alex/zmh/repo/java/apache-maven-3.8.5/repo/org/springframework/boot/spring-boot-test-autoconfigure/2.7.0-SNAPSHOT/spring-boot-test-autoconfigure-2.7.0-SNAPSHOT.jar:/Users/alex/zmh/repo/java/apache-maven-3.8.5/repo/com/jayway/jsonpath/json-path/2.7.0/json-path-2.7.0.jar:/Users/alex/zmh/repo/java/apache-maven-3.8.5/repo/net/minidev/json-smart/2.4.8/json-smart-2.4.8.jar:/Users/alex/zmh/repo/java/apache-maven-3.8.5/repo/net/minidev/accessors-smart/2.4.8/accessors-smart-2.4.8.jar:/Users/alex/zmh/repo/java/apache-maven-3.8.5/repo/org/ow2/asm/asm/9.1/asm-9.1.jar:/Users/alex/zmh/repo/java/apache-maven-3.8.5/repo/jakarta/xml/bind/jakarta.xml.bind-api/2.3.3/jakarta.xml.bind-api-2.3.3.jar:/Users/alex/zmh/repo/java/apache-maven-3.8.5/repo/jakarta/activation/jakarta.activation-api/1.2.2/jakarta.activation-api-1.2.2.jar:/Users/alex/zmh/repo/java/apache-maven-3.8.5/repo/org/assertj/assertj-core/3.22.0/assertj-core-3.22.0.jar:/Users/alex/zmh/repo/java/apache-maven-3.8.5/repo/org/hamcrest/hamcrest/2.2/hamcrest-2.2.jar:/Users/alex/zmh/repo/java/apache-maven-3.8.5/repo/org/junit/jupiter/junit-jupiter/5.8.2/junit-jupiter-5.8.2.jar:/Users/alex/zmh/repo/java/apache-maven-3.8.5/repo/org/junit/jupiter/junit-jupiter-api/5.8.2/junit-jupiter-api-5.8.2.jar:/Users/alex/zmh/repo/java/apache-maven-3.8.5/repo/org/opentest4j/opentest4j/1.2.0/opentest4j-1.2.0.jar:/Users/alex/zmh/repo/java/apache-maven-3.8.5/repo/org/junit/platform/junit-platform-commons/1.8.2/junit-platform-commons-1.8.2.jar:/Users/alex/zmh/repo/java/apache-maven-3.8.5/repo/org/apiguardian/apiguardian-api/1.1.2/apiguardian-api-1.1.2.jar:/Users/alex/zmh/repo/java/apache-maven-3.8.5/repo/org/junit/jupiter/junit-jupiter-params/5.8.2/junit-jupiter-params-5.8.2.jar:/Users/alex/zmh/repo/java/apache-maven-3.8.5/repo/org/junit/jupiter/junit-jupiter-engine/5.8.2/junit-jupiter-engine-5.8.2.jar:/Users/alex/zmh/repo/java/apache-maven-3.8.5/repo/org/junit/platform/junit-platform-engine/1.8.2/junit-platform-engine-1.8.2.jar:/Users/alex/zmh/repo/java/apache-maven-3.8.5/repo/org/mockito/mockito-core/4.5.0/mockito-core-4.5.0.jar:/Users/alex/zmh/repo/java/apache-maven-3.8.5/repo/net/bytebuddy/byte-buddy/1.12.9/byte-buddy-1.12.9.jar:/Users/alex/zmh/repo/java/apache-maven-3.8.5/repo/net/bytebuddy/byte-buddy-agent/1.12.9/byte-buddy-agent-1.12.9.jar:/Users/alex/zmh/repo/java/apache-maven-3.8.5/repo/org/objenesis/objenesis/3.2/objenesis-3.2.jar:/Users/alex/zmh/repo/java/apache-maven-3.8.5/repo/org/mockito/mockito-junit-jupiter/4.5.0/mockito-junit-jupiter-4.5.0.jar:/Users/alex/zmh/repo/java/apache-maven-3.8.5/repo/org/skyscreamer/jsonassert/1.5.0/jsonassert-1.5.0.jar:/Users/alex/zmh/repo/java/apache-maven-3.8.5/repo/org/springframework/spring-test/5.3.19/spring-test-5.3.19.jar:/Users/alex/zmh/repo/java/apache-maven-3.8.5/repo/org/xmlunit/xmlunit-core/2.9.0/xmlunit-core-2.9.0.jar:/Users/alex/zmh/repo/java/apache-maven-3.8.5/repo/com/github/javafaker/javafaker/1.0.2/javafaker-1.0.2.jar:/Users/alex/zmh/repo/java/apache-maven-3.8.5/repo/org/yaml/snakeyaml/1.23/snakeyaml-1.23-android.jar:/Users/alex/zmh/repo/java/apache-maven-3.8.5/repo/com/github/mifmif/generex/1.0.2/generex-1.0.2.jar:/Users/alex/zmh/repo/java/apache-maven-3.8.5/repo/dk/brics/automaton/automaton/1.11-8/automaton-1.11-8.jar:/Users/alex/zmh/repo/java/apache-maven-3.8.5/repo/org/springframework/boot/spring-boot-starter-web/2.6.6/spring-boot-starter-web-2.6.6.jar:/Users/alex/zmh/repo/java/apache-maven-3.8.5/repo/org/springframework/boot/spring-boot-starter-json/2.7.0-SNAPSHOT/spring-boot-starter-json-2.7.0-SNAPSHOT.jar:/Users/alex/zmh/repo/java/apache-maven-3.8.5/repo/com/fasterxml/jackson/datatype/jackson-datatype-jdk8/2.13.2/jackson-datatype-jdk8-2.13.2.jar:/Users/alex/zmh/repo/java/apache-maven-3.8.5/repo/com/fasterxml/jackson/datatype/jackson-datatype-jsr310/2.13.2/jackson-datatype-jsr310-2.13.2.jar:/Users/alex/zmh/repo/java/apache-maven-3.8.5/repo/com/fasterxml/jackson/module/jackson-module-parameter-names/2.13.2/jackson-module-parameter-names-2.13.2.jar:/Users/alex/zmh/repo/java/apache-maven-3.8.5/repo/org/springframework/boot/spring-boot-starter-tomcat/2.7.0-SNAPSHOT/spring-boot-starter-tomcat-2.7.0-SNAPSHOT.jar:/Users/alex/zmh/repo/java/apache-maven-3.8.5/repo/org/apache/tomcat/embed/tomcat-embed-core/9.0.62/tomcat-embed-core-9.0.62.jar:/Users/alex/zmh/repo/java/apache-maven-3.8.5/repo/org/apache/tomcat/embed/tomcat-embed-el/9.0.62/tomcat-embed-el-9.0.62.jar:/Users/alex/zmh/repo/java/apache-maven-3.8.5/repo/org/apache/tomcat/embed/tomcat-embed-websocket/9.0.62/tomcat-embed-websocket-9.0.62.jar:/Users/alex/zmh/repo/java/apache-maven-3.8.5/repo/org/springframework/spring-web/5.3.19/spring-web-5.3.19.jar:/Users/alex/zmh/repo/java/apache-maven-3.8.5/repo/org/springframework/spring-webmvc/5.3.19/spring-webmvc-5.3.19.jar:/Users/alex/zmh/repo/java/apache-maven-3.8.5/repo/org/springframework/spring-expression/5.3.19/spring-expression-5.3.19.jar:/Users/alex/zmh/repo/java/apache-maven-3.8.5/repo/junit/junit/4.13.2/junit-4.13.2.jar:/Users/alex/zmh/repo/java/apache-maven-3.8.5/repo/org/hamcrest/hamcrest-core/2.2/hamcrest-core-2.2.jar:"/>
    <property name="java.vm.vendor" value="Oracle Corporation"/>
    <property name="sun.arch.data.model" value="64"/>
    <property name="java.vendor.url" value="http://java.oracle.com/"/>
    <property name="user.timezone" value=""/>
    <property name="java.vm.specification.version" value="11"/>
    <property name="os.name" value="Mac OS X"/>
    <property name="sun.java.launcher" value="SUN_STANDARD"/>
    <property name="user.country" value="US"/>
    <property name="sun.boot.library.path" value="/Library/Java/JavaVirtualMachines/jdk-11.0.2.jdk/Contents/Home/lib"/>
    <property name="sun.java.command" value="/Users/alex/zmh/repo/java/wow-backend/target/surefire/surefirebooter9643424446926077009.jar /Users/alex/zmh/repo/java/wow-backend/target/surefire 2022-04-25T11-56-08_818-jvmRun1 surefire17313783515084058710tmp surefire_014239447758567479912tmp"/>
    <property name="http.nonProxyHosts" value="local|*.local|169.254/16|*.169.254/16"/>
    <property name="jdk.debug" value="release"/>
    <property name="surefire.test.class.path" value="/Users/alex/zmh/repo/java/wow-backend/target/test-classes:/Users/alex/zmh/repo/java/wow-backend/target/classes:/Users/alex/zmh/repo/java/apache-maven-3.8.5/repo/org/springframework/boot/spring-boot-starter/2.7.0-SNAPSHOT/spring-boot-starter-2.7.0-SNAPSHOT.jar:/Users/alex/zmh/repo/java/apache-maven-3.8.5/repo/org/springframework/boot/spring-boot/2.7.0-SNAPSHOT/spring-boot-2.7.0-SNAPSHOT.jar:/Users/alex/zmh/repo/java/apache-maven-3.8.5/repo/org/springframework/spring-context/5.3.19/spring-context-5.3.19.jar:/Users/alex/zmh/repo/java/apache-maven-3.8.5/repo/org/springframework/boot/spring-boot-autoconfigure/2.7.0-SNAPSHOT/spring-boot-autoconfigure-2.7.0-SNAPSHOT.jar:/Users/alex/zmh/repo/java/apache-maven-3.8.5/repo/org/springframework/boot/spring-boot-starter-logging/2.7.0-SNAPSHOT/spring-boot-starter-logging-2.7.0-SNAPSHOT.jar:/Users/alex/zmh/repo/java/apache-maven-3.8.5/repo/ch/qos/logback/logback-classic/1.2.11/logback-classic-1.2.11.jar:/Users/alex/zmh/repo/java/apache-maven-3.8.5/repo/ch/qos/logback/logback-core/1.2.11/logback-core-1.2.11.jar:/Users/alex/zmh/repo/java/apache-maven-3.8.5/repo/org/apache/logging/log4j/log4j-to-slf4j/2.17.2/log4j-to-slf4j-2.17.2.jar:/Users/alex/zmh/repo/java/apache-maven-3.8.5/repo/org/apache/logging/log4j/log4j-api/2.17.2/log4j-api-2.17.2.jar:/Users/alex/zmh/repo/java/apache-maven-3.8.5/repo/org/slf4j/jul-to-slf4j/1.7.36/jul-to-slf4j-1.7.36.jar:/Users/alex/zmh/repo/java/apache-maven-3.8.5/repo/jakarta/annotation/jakarta.annotation-api/1.3.5/jakarta.annotation-api-1.3.5.jar:/Users/alex/zmh/repo/java/apache-maven-3.8.5/repo/org/springframework/spring-core/5.3.19/spring-core-5.3.19.jar:/Users/alex/zmh/repo/java/apache-maven-3.8.5/repo/org/springframework/spring-jcl/5.3.19/spring-jcl-5.3.19.jar:/Users/alex/zmh/repo/java/apache-maven-3.8.5/repo/org/yaml/snakeyaml/1.30/snakeyaml-1.30.jar:/Users/alex/zmh/repo/java/apache-maven-3.8.5/repo/org/springframework/boot/spring-boot-devtools/2.6.5/spring-boot-devtools-2.6.5.jar:/Users/alex/zmh/repo/java/apache-maven-3.8.5/repo/org/springframework/boot/spring-boot-starter-data-redis/2.6.3/spring-boot-starter-data-redis-2.6.3.jar:/Users/alex/zmh/repo/java/apache-maven-3.8.5/repo/org/springframework/data/spring-data-redis/2.7.0-RC1/spring-data-redis-2.7.0-RC1.jar:/Users/alex/zmh/repo/java/apache-maven-3.8.5/repo/org/springframework/data/spring-data-keyvalue/2.7.0-RC1/spring-data-keyvalue-2.7.0-RC1.jar:/Users/alex/zmh/repo/java/apache-maven-3.8.5/repo/org/springframework/data/spring-data-commons/2.7.0-RC1/spring-data-commons-2.7.0-RC1.jar:/Users/alex/zmh/repo/java/apache-maven-3.8.5/repo/org/springframework/spring-tx/5.3.19/spring-tx-5.3.19.jar:/Users/alex/zmh/repo/java/apache-maven-3.8.5/repo/org/springframework/spring-oxm/5.3.19/spring-oxm-5.3.19.jar:/Users/alex/zmh/repo/java/apache-maven-3.8.5/repo/org/springframework/spring-aop/5.3.19/spring-aop-5.3.19.jar:/Users/alex/zmh/repo/java/apache-maven-3.8.5/repo/org/springframework/spring-context-support/5.3.19/spring-context-support-5.3.19.jar:/Users/alex/zmh/repo/java/apache-maven-3.8.5/repo/io/lettuce/lettuce-core/6.1.8.RELEASE/lettuce-core-6.1.8.RELEASE.jar:/Users/alex/zmh/repo/java/apache-maven-3.8.5/repo/io/netty/netty-common/4.1.76.Final/netty-common-4.1.76.Final.jar:/Users/alex/zmh/repo/java/apache-maven-3.8.5/repo/io/netty/netty-handler/4.1.76.Final/netty-handler-4.1.76.Final.jar:/Users/alex/zmh/repo/java/apache-maven-3.8.5/repo/io/netty/netty-resolver/4.1.76.Final/netty-resolver-4.1.76.Final.jar:/Users/alex/zmh/repo/java/apache-maven-3.8.5/repo/io/netty/netty-buffer/4.1.76.Final/netty-buffer-4.1.76.Final.jar:/Users/alex/zmh/repo/java/apache-maven-3.8.5/repo/io/netty/netty-codec/4.1.76.Final/netty-codec-4.1.76.Final.jar:/Users/alex/zmh/repo/java/apache-maven-3.8.5/repo/io/netty/netty-transport/4.1.76.Final/netty-transport-4.1.76.Final.jar:/Users/alex/zmh/repo/java/apache-maven-3.8.5/repo/io/projectreactor/reactor-core/3.4.17/reactor-core-3.4.17.jar:/Users/alex/zmh/repo/java/apache-maven-3.8.5/repo/org/reactivestreams/reactive-streams/1.0.3/reactive-streams-1.0.3.jar:/Users/alex/zmh/repo/java/apache-maven-3.8.5/repo/redis/clients/jedis/3.8.0/jedis-3.8.0.jar:/Users/alex/zmh/repo/java/apache-maven-3.8.5/repo/org/slf4j/slf4j-api/1.7.36/slf4j-api-1.7.36.jar:/Users/alex/zmh/repo/java/apache-maven-3.8.5/repo/org/apache/commons/commons-pool2/2.11.1/commons-pool2-2.11.1.jar:/Users/alex/zmh/repo/java/apache-maven-3.8.5/repo/com/baomidou/mybatis-plus-generator/3.5.2/mybatis-plus-generator-3.5.2.jar:/Users/alex/zmh/repo/java/apache-maven-3.8.5/repo/org/apache/velocity/velocity-engine-core/2.3/velocity-engine-core-2.3.jar:/Users/alex/zmh/repo/java/apache-maven-3.8.5/repo/org/apache/commons/commons-lang3/3.12.0/commons-lang3-3.12.0.jar:/Users/alex/zmh/repo/java/apache-maven-3.8.5/repo/mysql/mysql-connector-java/8.0.28/mysql-connector-java-8.0.28.jar:/Users/alex/zmh/repo/java/apache-maven-3.8.5/repo/com/baomidou/mybatis-plus-boot-starter/3.5.1/mybatis-plus-boot-starter-3.5.1.jar:/Users/alex/zmh/repo/java/apache-maven-3.8.5/repo/com/baomidou/mybatis-plus/3.5.1/mybatis-plus-3.5.1.jar:/Users/alex/zmh/repo/java/apache-maven-3.8.5/repo/com/baomidou/mybatis-plus-extension/3.5.1/mybatis-plus-extension-3.5.1.jar:/Users/alex/zmh/repo/java/apache-maven-3.8.5/repo/com/baomidou/mybatis-plus-core/3.5.1/mybatis-plus-core-3.5.1.jar:/Users/alex/zmh/repo/java/apache-maven-3.8.5/repo/com/baomidou/mybatis-plus-annotation/3.5.1/mybatis-plus-annotation-3.5.1.jar:/Users/alex/zmh/repo/java/apache-maven-3.8.5/repo/com/github/jsqlparser/jsqlparser/4.3/jsqlparser-4.3.jar:/Users/alex/zmh/repo/java/apache-maven-3.8.5/repo/org/mybatis/mybatis/3.5.9/mybatis-3.5.9.jar:/Users/alex/zmh/repo/java/apache-maven-3.8.5/repo/org/mybatis/mybatis-spring/2.0.6/mybatis-spring-2.0.6.jar:/Users/alex/zmh/repo/java/apache-maven-3.8.5/repo/org/springframework/boot/spring-boot-starter-jdbc/2.7.0-SNAPSHOT/spring-boot-starter-jdbc-2.7.0-SNAPSHOT.jar:/Users/alex/zmh/repo/java/apache-maven-3.8.5/repo/com/zaxxer/HikariCP/4.0.3/HikariCP-4.0.3.jar:/Users/alex/zmh/repo/java/apache-maven-3.8.5/repo/org/springframework/spring-jdbc/5.3.19/spring-jdbc-5.3.19.jar:/Users/alex/zmh/repo/java/apache-maven-3.8.5/repo/org/projectlombok/lombok/1.18.22/lombok-1.18.22.jar:/Users/alex/zmh/repo/java/apache-maven-3.8.5/repo/io/springfox/springfox-boot-starter/3.0.0/springfox-boot-starter-3.0.0.jar:/Users/alex/zmh/repo/java/apache-maven-3.8.5/repo/io/springfox/springfox-oas/3.0.0/springfox-oas-3.0.0.jar:/Users/alex/zmh/repo/java/apache-maven-3.8.5/repo/io/swagger/core/v3/swagger-annotations/2.1.2/swagger-annotations-2.1.2.jar:/Users/alex/zmh/repo/java/apache-maven-3.8.5/repo/io/swagger/core/v3/swagger-models/2.1.2/swagger-models-2.1.2.jar:/Users/alex/zmh/repo/java/apache-maven-3.8.5/repo/io/springfox/springfox-spi/3.0.0/springfox-spi-3.0.0.jar:/Users/alex/zmh/repo/java/apache-maven-3.8.5/repo/io/springfox/springfox-schema/3.0.0/springfox-schema-3.0.0.jar:/Users/alex/zmh/repo/java/apache-maven-3.8.5/repo/io/springfox/springfox-core/3.0.0/springfox-core-3.0.0.jar:/Users/alex/zmh/repo/java/apache-maven-3.8.5/repo/io/springfox/springfox-spring-web/3.0.0/springfox-spring-web-3.0.0.jar:/Users/alex/zmh/repo/java/apache-maven-3.8.5/repo/io/github/classgraph/classgraph/4.8.83/classgraph-4.8.83.jar:/Users/alex/zmh/repo/java/apache-maven-3.8.5/repo/io/springfox/springfox-spring-webmvc/3.0.0/springfox-spring-webmvc-3.0.0.jar:/Users/alex/zmh/repo/java/apache-maven-3.8.5/repo/io/springfox/springfox-spring-webflux/3.0.0/springfox-spring-webflux-3.0.0.jar:/Users/alex/zmh/repo/java/apache-maven-3.8.5/repo/io/springfox/springfox-swagger-common/3.0.0/springfox-swagger-common-3.0.0.jar:/Users/alex/zmh/repo/java/apache-maven-3.8.5/repo/org/mapstruct/mapstruct/1.3.1.Final/mapstruct-1.3.1.Final.jar:/Users/alex/zmh/repo/java/apache-maven-3.8.5/repo/io/springfox/springfox-data-rest/3.0.0/springfox-data-rest-3.0.0.jar:/Users/alex/zmh/repo/java/apache-maven-3.8.5/repo/io/springfox/springfox-bean-validators/3.0.0/springfox-bean-validators-3.0.0.jar:/Users/alex/zmh/repo/java/apache-maven-3.8.5/repo/io/springfox/springfox-swagger2/3.0.0/springfox-swagger2-3.0.0.jar:/Users/alex/zmh/repo/java/apache-maven-3.8.5/repo/io/swagger/swagger-annotations/1.5.20/swagger-annotations-1.5.20.jar:/Users/alex/zmh/repo/java/apache-maven-3.8.5/repo/io/swagger/swagger-models/1.5.20/swagger-models-1.5.20.jar:/Users/alex/zmh/repo/java/apache-maven-3.8.5/repo/io/springfox/springfox-swagger-ui/3.0.0/springfox-swagger-ui-3.0.0.jar:/Users/alex/zmh/repo/java/apache-maven-3.8.5/repo/com/fasterxml/classmate/1.5.1/classmate-1.5.1.jar:/Users/alex/zmh/repo/java/apache-maven-3.8.5/repo/org/springframework/plugin/spring-plugin-core/2.0.0.RELEASE/spring-plugin-core-2.0.0.RELEASE.jar:/Users/alex/zmh/repo/java/apache-maven-3.8.5/repo/org/springframework/spring-beans/5.3.19/spring-beans-5.3.19.jar:/Users/alex/zmh/repo/java/apache-maven-3.8.5/repo/org/springframework/plugin/spring-plugin-metadata/2.0.0.RELEASE/spring-plugin-metadata-2.0.0.RELEASE.jar:/Users/alex/zmh/repo/java/apache-maven-3.8.5/repo/com/auth0/java-jwt/3.19.1/java-jwt-3.19.1.jar:/Users/alex/zmh/repo/java/apache-maven-3.8.5/repo/com/fasterxml/jackson/core/jackson-databind/2.13.2.1/jackson-databind-2.13.2.1.jar:/Users/alex/zmh/repo/java/apache-maven-3.8.5/repo/com/fasterxml/jackson/core/jackson-annotations/2.13.2/jackson-annotations-2.13.2.jar:/Users/alex/zmh/repo/java/apache-maven-3.8.5/repo/com/fasterxml/jackson/core/jackson-core/2.13.2/jackson-core-2.13.2.jar:/Users/alex/zmh/repo/java/apache-maven-3.8.5/repo/org/springframework/boot/spring-boot-starter-test/2.7.0-SNAPSHOT/spring-boot-starter-test-2.7.0-SNAPSHOT.jar:/Users/alex/zmh/repo/java/apache-maven-3.8.5/repo/org/springframework/boot/spring-boot-test/2.7.0-SNAPSHOT/spring-boot-test-2.7.0-SNAPSHOT.jar:/Users/alex/zmh/repo/java/apache-maven-3.8.5/repo/org/springframework/boot/spring-boot-test-autoconfigure/2.7.0-SNAPSHOT/spring-boot-test-autoconfigure-2.7.0-SNAPSHOT.jar:/Users/alex/zmh/repo/java/apache-maven-3.8.5/repo/com/jayway/jsonpath/json-path/2.7.0/json-path-2.7.0.jar:/Users/alex/zmh/repo/java/apache-maven-3.8.5/repo/net/minidev/json-smart/2.4.8/json-smart-2.4.8.jar:/Users/alex/zmh/repo/java/apache-maven-3.8.5/repo/net/minidev/accessors-smart/2.4.8/accessors-smart-2.4.8.jar:/Users/alex/zmh/repo/java/apache-maven-3.8.5/repo/org/ow2/asm/asm/9.1/asm-9.1.jar:/Users/alex/zmh/repo/java/apache-maven-3.8.5/repo/jakarta/xml/bind/jakarta.xml.bind-api/2.3.3/jakarta.xml.bind-api-2.3.3.jar:/Users/alex/zmh/repo/java/apache-maven-3.8.5/repo/jakarta/activation/jakarta.activation-api/1.2.2/jakarta.activation-api-1.2.2.jar:/Users/alex/zmh/repo/java/apache-maven-3.8.5/repo/org/assertj/assertj-core/3.22.0/assertj-core-3.22.0.jar:/Users/alex/zmh/repo/java/apache-maven-3.8.5/repo/org/hamcrest/hamcrest/2.2/hamcrest-2.2.jar:/Users/alex/zmh/repo/java/apache-maven-3.8.5/repo/org/junit/jupiter/junit-jupiter/5.8.2/junit-jupiter-5.8.2.jar:/Users/alex/zmh/repo/java/apache-maven-3.8.5/repo/org/junit/jupiter/junit-jupiter-api/5.8.2/junit-jupiter-api-5.8.2.jar:/Users/alex/zmh/repo/java/apache-maven-3.8.5/repo/org/opentest4j/opentest4j/1.2.0/opentest4j-1.2.0.jar:/Users/alex/zmh/repo/java/apache-maven-3.8.5/repo/org/junit/platform/junit-platform-commons/1.8.2/junit-platform-commons-1.8.2.jar:/Users/alex/zmh/repo/java/apache-maven-3.8.5/repo/org/apiguardian/apiguardian-api/1.1.2/apiguardian-api-1.1.2.jar:/Users/alex/zmh/repo/java/apache-maven-3.8.5/repo/org/junit/jupiter/junit-jupiter-params/5.8.2/junit-jupiter-params-5.8.2.jar:/Users/alex/zmh/repo/java/apache-maven-3.8.5/repo/org/junit/jupiter/junit-jupiter-engine/5.8.2/junit-jupiter-engine-5.8.2.jar:/Users/alex/zmh/repo/java/apache-maven-3.8.5/repo/org/junit/platform/junit-platform-engine/1.8.2/junit-platform-engine-1.8.2.jar:/Users/alex/zmh/repo/java/apache-maven-3.8.5/repo/org/mockito/mockito-core/4.5.0/mockito-core-4.5.0.jar:/Users/alex/zmh/repo/java/apache-maven-3.8.5/repo/net/bytebuddy/byte-buddy/1.12.9/byte-buddy-1.12.9.jar:/Users/alex/zmh/repo/java/apache-maven-3.8.5/repo/net/bytebuddy/byte-buddy-agent/1.12.9/byte-buddy-agent-1.12.9.jar:/Users/alex/zmh/repo/java/apache-maven-3.8.5/repo/org/objenesis/objenesis/3.2/objenesis-3.2.jar:/Users/alex/zmh/repo/java/apache-maven-3.8.5/repo/org/mockito/mockito-junit-jupiter/4.5.0/mockito-junit-jupiter-4.5.0.jar:/Users/alex/zmh/repo/java/apache-maven-3.8.5/repo/org/skyscreamer/jsonassert/1.5.0/jsonassert-1.5.0.jar:/Users/alex/zmh/repo/java/apache-maven-3.8.5/repo/org/springframework/spring-test/5.3.19/spring-test-5.3.19.jar:/Users/alex/zmh/repo/java/apache-maven-3.8.5/repo/org/xmlunit/xmlunit-core/2.9.0/xmlunit-core-2.9.0.jar:/Users/alex/zmh/repo/java/apache-maven-3.8.5/repo/com/github/javafaker/javafaker/1.0.2/javafaker-1.0.2.jar:/Users/alex/zmh/repo/java/apache-maven-3.8.5/repo/org/yaml/snakeyaml/1.23/snakeyaml-1.23-android.jar:/Users/alex/zmh/repo/java/apache-maven-3.8.5/repo/com/github/mifmif/generex/1.0.2/generex-1.0.2.jar:/Users/alex/zmh/repo/java/apache-maven-3.8.5/repo/dk/brics/automaton/automaton/1.11-8/automaton-1.11-8.jar:/Users/alex/zmh/repo/java/apache-maven-3.8.5/repo/org/springframework/boot/spring-boot-starter-web/2.6.6/spring-boot-starter-web-2.6.6.jar:/Users/alex/zmh/repo/java/apache-maven-3.8.5/repo/org/springframework/boot/spring-boot-starter-json/2.7.0-SNAPSHOT/spring-boot-starter-json-2.7.0-SNAPSHOT.jar:/Users/alex/zmh/repo/java/apache-maven-3.8.5/repo/com/fasterxml/jackson/datatype/jackson-datatype-jdk8/2.13.2/jackson-datatype-jdk8-2.13.2.jar:/Users/alex/zmh/repo/java/apache-maven-3.8.5/repo/com/fasterxml/jackson/datatype/jackson-datatype-jsr310/2.13.2/jackson-datatype-jsr310-2.13.2.jar:/Users/alex/zmh/repo/java/apache-maven-3.8.5/repo/com/fasterxml/jackson/module/jackson-module-parameter-names/2.13.2/jackson-module-parameter-names-2.13.2.jar:/Users/alex/zmh/repo/java/apache-maven-3.8.5/repo/org/springframework/boot/spring-boot-starter-tomcat/2.7.0-SNAPSHOT/spring-boot-starter-tomcat-2.7.0-SNAPSHOT.jar:/Users/alex/zmh/repo/java/apache-maven-3.8.5/repo/org/apache/tomcat/embed/tomcat-embed-core/9.0.62/tomcat-embed-core-9.0.62.jar:/Users/alex/zmh/repo/java/apache-maven-3.8.5/repo/org/apache/tomcat/embed/tomcat-embed-el/9.0.62/tomcat-embed-el-9.0.62.jar:/Users/alex/zmh/repo/java/apache-maven-3.8.5/repo/org/apache/tomcat/embed/tomcat-embed-websocket/9.0.62/tomcat-embed-websocket-9.0.62.jar:/Users/alex/zmh/repo/java/apache-maven-3.8.5/repo/org/springframework/spring-web/5.3.19/spring-web-5.3.19.jar:/Users/alex/zmh/repo/java/apache-maven-3.8.5/repo/org/springframework/spring-webmvc/5.3.19/spring-webmvc-5.3.19.jar:/Users/alex/zmh/repo/java/apache-maven-3.8.5/repo/org/springframework/spring-expression/5.3.19/spring-expression-5.3.19.jar:/Users/alex/zmh/repo/java/apache-maven-3.8.5/repo/junit/junit/4.13.2/junit-4.13.2.jar:/Users/alex/zmh/repo/java/apache-maven-3.8.5/repo/org/hamcrest/hamcrest-core/2.2/hamcrest-core-2.2.jar:"/>
    <property name="sun.cpu.endian" value="little"/>
    <property name="user.home" value="/Users/alex"/>
    <property name="user.language" value="en"/>
    <property name="java.specification.vendor" value="Oracle Corporation"/>
    <property name="java.version.date" value="2019-01-15"/>
    <property name="java.home" value="/Library/Java/JavaVirtualMachines/jdk-11.0.2.jdk/Contents/Home"/>
    <property name="file.separator" value="/"/>
    <property name="basedir" value="/Users/alex/zmh/repo/java/wow-backend"/>
    <property name="java.vm.compressedOopsMode" value="Zero based"/>
    <property name="line.separator" value="&#10;"/>
    <property name="java.specification.name" value="Java Platform API Specification"/>
    <property name="java.vm.specification.vendor" value="Oracle Corporation"/>
    <property name="java.awt.graphicsenv" value="sun.awt.CGraphicsEnvironment"/>
    <property name="surefire.real.class.path" value="/Users/alex/zmh/repo/java/wow-backend/target/surefire/surefirebooter9643424446926077009.jar"/>
    <property name="sun.management.compiler" value="HotSpot 64-Bit Tiered Compilers"/>
    <property name="ftp.nonProxyHosts" value="local|*.local|169.254/16|*.169.254/16"/>
    <property name="java.runtime.version" value="11.0.2+9-LTS"/>
    <property name="user.name" value="alex"/>
    <property name="path.separator" value=":"/>
    <property name="os.version" value="10.16"/>
    <property name="java.runtime.name" value="Java(TM) SE Runtime Environment"/>
    <property name="file.encoding" value="UTF-8"/>
    <property name="java.vm.name" value="Java HotSpot(TM) 64-Bit Server VM"/>
    <property name="java.vendor.version" value="18.9"/>
    <property name="localRepository" value="/Users/alex/zmh/repo/java/apache-maven-3.8.5/repo"/>
    <property name="java.vendor.url.bug" value="http://bugreport.java.com/bugreport/"/>
    <property name="java.io.tmpdir" value="/var/folders/dg/zb939_8j4lq2_7cgw3xzp5540000gn/T/"/>
    <property name="idea.version" value="2021.3.3"/>
    <property name="java.version" value="11.0.2"/>
    <property name="user.dir" value="/Users/alex/zmh/repo/java/wow-backend"/>
    <property name="os.arch" value="x86_64"/>
    <property name="java.vm.specification.name" value="Java Virtual Machine Specification"/>
    <property name="java.awt.printerjob" value="sun.lwawt.macosx.CPrinterJob"/>
    <property name="sun.os.patch.level" value="unknown"/>
    <property name="java.library.path" value="/Users/alex/Library/Java/Extensions:/Library/Java/Extensions:/Network/Library/Java/Extensions:/System/Library/Java/Extensions:/usr/lib/java:."/>
    <property name="java.vendor" value="Oracle Corporation"/>
    <property name="java.vm.info" value="mixed mode"/>
    <property name="java.vm.version" value="11.0.2+9-LTS"/>
    <property name="sun.io.unicode.encoding" value="UnicodeBig"/>
    <property name="maven.repo.local" value="/Users/alex/zmh/repo/java/apache-maven-3.8.5/repo"/>
    <property name="java.class.version" value="55.0"/>
    <property name="socksNonProxyHosts" value="local|*.local|169.254/16|*.169.254/16"/>
  </properties>
  <testcase name="contextLoads" classname="com.MybatisTests" time="0.009"/>
  <testcase name="testCustomer" classname="com.MybatisTests" time="1.223"/>
  <testcase name="testSelect" classname="com.MybatisTests" time="0.358"/>
</testsuite>