<?xml version="1.0" encoding="UTF-8"?>
<testsuite xmlns:xsi="http://www.w3.org/2001/XMLSchema-instance" xsi:noNamespaceSchemaLocation="https://maven.apache.org/surefire/maven-surefire-plugin/xsd/surefire-test-report.xsd" name="com.wowbackend.WowBackendApplicationTests" time="2.714" tests="1" errors="0" skipped="0" failures="0">
  <properties>
    <property name="gopherProxySet" value="false"/>
    <property name="awt.toolkit" value="sun.lwawt.macosx.LWCToolkit"/>
    <property name="java.specification.version" value="11"/>
    <property name="sun.cpu.isalist" value=""/>
    <property name="sun.jnu.encoding" value="UTF-8"/>
    <property name="java.class.path" value="/Users/alex/zmh/repo/java/wow-backend/target/test-classes:/Users/alex/zmh/repo/java/wow-backend/target/classes:/Users/alex/zmh/repo/java/apache-maven-3.8.5/repo/org/springframework/boot/spring-boot-starter/2.7.0-SNAPSHOT/spring-boot-starter-2.7.0-SNAPSHOT.jar:/Users/alex/zmh/repo/java/apache-maven-3.8.5/repo/org/springframework/boot/spring-boot/2.7.0-SNAPSHOT/spring-boot-2.7.0-SNAPSHOT.jar:/Users/alex/zmh/repo/java/apache-maven-3.8.5/repo/org/springframework/spring-context/5.3.19-SNAPSHOT/spring-context-5.3.19-SNAPSHOT.jar:/Users/alex/zmh/repo/java/apache-maven-3.8.5/repo/org/springframework/spring-aop/5.3.19-SNAPSHOT/spring-aop-5.3.19-SNAPSHOT.jar:/Users/alex/zmh/repo/java/apache-maven-3.8.5/repo/org/springframework/spring-expression/5.3.19-SNAPSHOT/spring-expression-5.3.19-SNAPSHOT.jar:/Users/alex/zmh/repo/java/apache-maven-3.8.5/repo/org/springframework/boot/spring-boot-autoconfigure/2.7.0-SNAPSHOT/spring-boot-autoconfigure-2.7.0-SNAPSHOT.jar:/Users/alex/zmh/repo/java/apache-maven-3.8.5/repo/org/springframework/boot/spring-boot-starter-logging/2.7.0-SNAPSHOT/spring-boot-starter-logging-2.7.0-SNAPSHOT.jar:/Users/alex/zmh/repo/java/apache-maven-3.8.5/repo/ch/qos/logback/logback-classic/1.2.11/logback-classic-1.2.11.jar:/Users/alex/zmh/repo/java/apache-maven-3.8.5/repo/ch/qos/logback/logback-core/1.2.11/logback-core-1.2.11.jar:/Users/alex/zmh/repo/java/apache-maven-3.8.5/repo/org/apache/logging/log4j/log4j-to-slf4j/2.17.2/log4j-to-slf4j-2.17.2.jar:/Users/alex/zmh/repo/java/apache-maven-3.8.5/repo/org/apache/logging/log4j/log4j-api/2.17.2/log4j-api-2.17.2.jar:/Users/alex/zmh/repo/java/apache-maven-3.8.5/repo/org/slf4j/jul-to-slf4j/1.7.36/jul-to-slf4j-1.7.36.jar:/Users/alex/zmh/repo/java/apache-maven-3.8.5/repo/jakarta/annotation/jakarta.annotation-api/1.3.5/jakarta.annotation-api-1.3.5.jar:/Users/alex/zmh/repo/java/apache-maven-3.8.5/repo/org/springframework/spring-core/5.3.19-SNAPSHOT/spring-core-5.3.19-SNAPSHOT.jar:/Users/alex/zmh/repo/java/apache-maven-3.8.5/repo/org/springframework/spring-jcl/5.3.19-SNAPSHOT/spring-jcl-5.3.19-SNAPSHOT.jar:/Users/alex/zmh/repo/java/apache-maven-3.8.5/repo/org/yaml/snakeyaml/1.30/snakeyaml-1.30.jar:/Users/alex/zmh/repo/java/apache-maven-3.8.5/repo/org/springframework/spring-web/5.3.18/spring-web-5.3.18.jar:/Users/alex/zmh/repo/java/apache-maven-3.8.5/repo/org/springframework/spring-beans/5.3.19-SNAPSHOT/spring-beans-5.3.19-SNAPSHOT.jar:/Users/alex/zmh/repo/java/apache-maven-3.8.5/repo/org/springframework/boot/spring-boot-starter-test/2.7.0-SNAPSHOT/spring-boot-starter-test-2.7.0-SNAPSHOT.jar:/Users/alex/zmh/repo/java/apache-maven-3.8.5/repo/org/springframework/boot/spring-boot-test/2.7.0-SNAPSHOT/spring-boot-test-2.7.0-SNAPSHOT.jar:/Users/alex/zmh/repo/java/apache-maven-3.8.5/repo/org/springframework/boot/spring-boot-test-autoconfigure/2.7.0-SNAPSHOT/spring-boot-test-autoconfigure-2.7.0-SNAPSHOT.jar:/Users/alex/zmh/repo/java/apache-maven-3.8.5/repo/com/jayway/jsonpath/json-path/2.7.0/json-path-2.7.0.jar:/Users/alex/zmh/repo/java/apache-maven-3.8.5/repo/net/minidev/json-smart/2.4.8/json-smart-2.4.8.jar:/Users/alex/zmh/repo/java/apache-maven-3.8.5/repo/net/minidev/accessors-smart/2.4.8/accessors-smart-2.4.8.jar:/Users/alex/zmh/repo/java/apache-maven-3.8.5/repo/org/ow2/asm/asm/9.1/asm-9.1.jar:/Users/alex/zmh/repo/java/apache-maven-3.8.5/repo/org/slf4j/slf4j-api/1.7.36/slf4j-api-1.7.36.jar:/Users/alex/zmh/repo/java/apache-maven-3.8.5/repo/jakarta/xml/bind/jakarta.xml.bind-api/2.3.3/jakarta.xml.bind-api-2.3.3.jar:/Users/alex/zmh/repo/java/apache-maven-3.8.5/repo/jakarta/activation/jakarta.activation-api/1.2.2/jakarta.activation-api-1.2.2.jar:/Users/alex/zmh/repo/java/apache-maven-3.8.5/repo/org/assertj/assertj-core/3.22.0/assertj-core-3.22.0.jar:/Users/alex/zmh/repo/java/apache-maven-3.8.5/repo/org/hamcrest/hamcrest/2.2/hamcrest-2.2.jar:/Users/alex/zmh/repo/java/apache-maven-3.8.5/repo/org/junit/jupiter/junit-jupiter/5.8.2/junit-jupiter-5.8.2.jar:/Users/alex/zmh/repo/java/apache-maven-3.8.5/repo/org/junit/jupiter/junit-jupiter-api/5.8.2/junit-jupiter-api-5.8.2.jar:/Users/alex/zmh/repo/java/apache-maven-3.8.5/repo/org/opentest4j/opentest4j/1.2.0/opentest4j-1.2.0.jar:/Users/alex/zmh/repo/java/apache-maven-3.8.5/repo/org/junit/platform/junit-platform-commons/1.8.2/junit-platform-commons-1.8.2.jar:/Users/alex/zmh/repo/java/apache-maven-3.8.5/repo/org/apiguardian/apiguardian-api/1.1.2/apiguardian-api-1.1.2.jar:/Users/alex/zmh/repo/java/apache-maven-3.8.5/repo/org/junit/jupiter/junit-jupiter-params/5.8.2/junit-jupiter-params-5.8.2.jar:/Users/alex/zmh/repo/java/apache-maven-3.8.5/repo/org/junit/jupiter/junit-jupiter-engine/5.8.2/junit-jupiter-engine-5.8.2.jar:/Users/alex/zmh/repo/java/apache-maven-3.8.5/repo/org/junit/platform/junit-platform-engine/1.8.2/junit-platform-engine-1.8.2.jar:/Users/alex/zmh/repo/java/apache-maven-3.8.5/repo/org/mockito/mockito-core/4.4.0/mockito-core-4.4.0.jar:/Users/alex/zmh/repo/java/apache-maven-3.8.5/repo/net/bytebuddy/byte-buddy/1.12.8/byte-buddy-1.12.8.jar:/Users/alex/zmh/repo/java/apache-maven-3.8.5/repo/net/bytebuddy/byte-buddy-agent/1.12.8/byte-buddy-agent-1.12.8.jar:/Users/alex/zmh/repo/java/apache-maven-3.8.5/repo/org/objenesis/objenesis/3.2/objenesis-3.2.jar:/Users/alex/zmh/repo/java/apache-maven-3.8.5/repo/org/mockito/mockito-junit-jupiter/4.4.0/mockito-junit-jupiter-4.4.0.jar:/Users/alex/zmh/repo/java/apache-maven-3.8.5/repo/org/skyscreamer/jsonassert/1.5.0/jsonassert-1.5.0.jar:/Users/alex/zmh/repo/java/apache-maven-3.8.5/repo/com/vaadin/external/google/android-json/0.0.20131108.vaadin1/android-json-0.0.20131108.vaadin1.jar:/Users/alex/zmh/repo/java/apache-maven-3.8.5/repo/org/springframework/spring-test/5.3.19-SNAPSHOT/spring-test-5.3.19-SNAPSHOT.jar:/Users/alex/zmh/repo/java/apache-maven-3.8.5/repo/org/xmlunit/xmlunit-core/2.9.0/xmlunit-core-2.9.0.jar:"/>
    <property name="java.vm.vendor" value="Oracle Corporation"/>
    <property name="sun.arch.data.model" value="64"/>
    <property name="java.vendor.url" value="http://java.oracle.com/"/>
    <property name="user.timezone" value=""/>
    <property name="java.vm.specification.version" value="11"/>
    <property name="os.name" value="Mac OS X"/>
    <property name="sun.java.launcher" value="SUN_STANDARD"/>
    <property name="user.country" value="US"/>
    <property name="sun.boot.library.path" value="/Library/Java/JavaVirtualMachines/jdk-11.0.2.jdk/Contents/Home/lib"/>
    <property name="sun.java.command" value="/Users/alex/zmh/repo/java/wow-backend/target/surefire/surefirebooter703751178032866452.jar /Users/alex/zmh/repo/java/wow-backend/target/surefire 2022-04-07T21-06-30_089-jvmRun1 surefire3973040028562585642tmp surefire_09657135933280720935tmp"/>
    <property name="http.nonProxyHosts" value="local|*.local|169.254/16|*.169.254/16"/>
    <property name="jdk.debug" value="release"/>
    <property name="surefire.test.class.path" value="/Users/alex/zmh/repo/java/wow-backend/target/test-classes:/Users/alex/zmh/repo/java/wow-backend/target/classes:/Users/alex/zmh/repo/java/apache-maven-3.8.5/repo/org/springframework/boot/spring-boot-starter/2.7.0-SNAPSHOT/spring-boot-starter-2.7.0-SNAPSHOT.jar:/Users/alex/zmh/repo/java/apache-maven-3.8.5/repo/org/springframework/boot/spring-boot/2.7.0-SNAPSHOT/spring-boot-2.7.0-SNAPSHOT.jar:/Users/alex/zmh/repo/java/apache-maven-3.8.5/repo/org/springframework/spring-context/5.3.19-SNAPSHOT/spring-context-5.3.19-SNAPSHOT.jar:/Users/alex/zmh/repo/java/apache-maven-3.8.5/repo/org/springframework/spring-aop/5.3.19-SNAPSHOT/spring-aop-5.3.19-SNAPSHOT.jar:/Users/alex/zmh/repo/java/apache-maven-3.8.5/repo/org/springframework/spring-expression/5.3.19-SNAPSHOT/spring-expression-5.3.19-SNAPSHOT.jar:/Users/alex/zmh/repo/java/apache-maven-3.8.5/repo/org/springframework/boot/spring-boot-autoconfigure/2.7.0-SNAPSHOT/spring-boot-autoconfigure-2.7.0-SNAPSHOT.jar:/Users/alex/zmh/repo/java/apache-maven-3.8.5/repo/org/springframework/boot/spring-boot-starter-logging/2.7.0-SNAPSHOT/spring-boot-starter-logging-2.7.0-SNAPSHOT.jar:/Users/alex/zmh/repo/java/apache-maven-3.8.5/repo/ch/qos/logback/logback-classic/1.2.11/logback-classic-1.2.11.jar:/Users/alex/zmh/repo/java/apache-maven-3.8.5/repo/ch/qos/logback/logback-core/1.2.11/logback-core-1.2.11.jar:/Users/alex/zmh/repo/java/apache-maven-3.8.5/repo/org/apache/logging/log4j/log4j-to-slf4j/2.17.2/log4j-to-slf4j-2.17.2.jar:/Users/alex/zmh/repo/java/apache-maven-3.8.5/repo/org/apache/logging/log4j/log4j-api/2.17.2/log4j-api-2.17.2.jar:/Users/alex/zmh/repo/java/apache-maven-3.8.5/repo/org/slf4j/jul-to-slf4j/1.7.36/jul-to-slf4j-1.7.36.jar:/Users/alex/zmh/repo/java/apache-maven-3.8.5/repo/jakarta/annotation/jakarta.annotation-api/1.3.5/jakarta.annotation-api-1.3.5.jar:/Users/alex/zmh/repo/java/apache-maven-3.8.5/repo/org/springframework/spring-core/5.3.19-SNAPSHOT/spring-core-5.3.19-SNAPSHOT.jar:/Users/alex/zmh/repo/java/apache-maven-3.8.5/repo/org/springframework/spring-jcl/5.3.19-SNAPSHOT/spring-jcl-5.3.19-SNAPSHOT.jar:/Users/alex/zmh/repo/java/apache-maven-3.8.5/repo/org/yaml/snakeyaml/1.30/snakeyaml-1.30.jar:/Users/alex/zmh/repo/java/apache-maven-3.8.5/repo/org/springframework/spring-web/5.3.18/spring-web-5.3.18.jar:/Users/alex/zmh/repo/java/apache-maven-3.8.5/repo/org/springframework/spring-beans/5.3.19-SNAPSHOT/spring-beans-5.3.19-SNAPSHOT.jar:/Users/alex/zmh/repo/java/apache-maven-3.8.5/repo/org/springframework/boot/spring-boot-starter-test/2.7.0-SNAPSHOT/spring-boot-starter-test-2.7.0-SNAPSHOT.jar:/Users/alex/zmh/repo/java/apache-maven-3.8.5/repo/org/springframework/boot/spring-boot-test/2.7.0-SNAPSHOT/spring-boot-test-2.7.0-SNAPSHOT.jar:/Users/alex/zmh/repo/java/apache-maven-3.8.5/repo/org/springframework/boot/spring-boot-test-autoconfigure/2.7.0-SNAPSHOT/spring-boot-test-autoconfigure-2.7.0-SNAPSHOT.jar:/Users/alex/zmh/repo/java/apache-maven-3.8.5/repo/com/jayway/jsonpath/json-path/2.7.0/json-path-2.7.0.jar:/Users/alex/zmh/repo/java/apache-maven-3.8.5/repo/net/minidev/json-smart/2.4.8/json-smart-2.4.8.jar:/Users/alex/zmh/repo/java/apache-maven-3.8.5/repo/net/minidev/accessors-smart/2.4.8/accessors-smart-2.4.8.jar:/Users/alex/zmh/repo/java/apache-maven-3.8.5/repo/org/ow2/asm/asm/9.1/asm-9.1.jar:/Users/alex/zmh/repo/java/apache-maven-3.8.5/repo/org/slf4j/slf4j-api/1.7.36/slf4j-api-1.7.36.jar:/Users/alex/zmh/repo/java/apache-maven-3.8.5/repo/jakarta/xml/bind/jakarta.xml.bind-api/2.3.3/jakarta.xml.bind-api-2.3.3.jar:/Users/alex/zmh/repo/java/apache-maven-3.8.5/repo/jakarta/activation/jakarta.activation-api/1.2.2/jakarta.activation-api-1.2.2.jar:/Users/alex/zmh/repo/java/apache-maven-3.8.5/repo/org/assertj/assertj-core/3.22.0/assertj-core-3.22.0.jar:/Users/alex/zmh/repo/java/apache-maven-3.8.5/repo/org/hamcrest/hamcrest/2.2/hamcrest-2.2.jar:/Users/alex/zmh/repo/java/apache-maven-3.8.5/repo/org/junit/jupiter/junit-jupiter/5.8.2/junit-jupiter-5.8.2.jar:/Users/alex/zmh/repo/java/apache-maven-3.8.5/repo/org/junit/jupiter/junit-jupiter-api/5.8.2/junit-jupiter-api-5.8.2.jar:/Users/alex/zmh/repo/java/apache-maven-3.8.5/repo/org/opentest4j/opentest4j/1.2.0/opentest4j-1.2.0.jar:/Users/alex/zmh/repo/java/apache-maven-3.8.5/repo/org/junit/platform/junit-platform-commons/1.8.2/junit-platform-commons-1.8.2.jar:/Users/alex/zmh/repo/java/apache-maven-3.8.5/repo/org/apiguardian/apiguardian-api/1.1.2/apiguardian-api-1.1.2.jar:/Users/alex/zmh/repo/java/apache-maven-3.8.5/repo/org/junit/jupiter/junit-jupiter-params/5.8.2/junit-jupiter-params-5.8.2.jar:/Users/alex/zmh/repo/java/apache-maven-3.8.5/repo/org/junit/jupiter/junit-jupiter-engine/5.8.2/junit-jupiter-engine-5.8.2.jar:/Users/alex/zmh/repo/java/apache-maven-3.8.5/repo/org/junit/platform/junit-platform-engine/1.8.2/junit-platform-engine-1.8.2.jar:/Users/alex/zmh/repo/java/apache-maven-3.8.5/repo/org/mockito/mockito-core/4.4.0/mockito-core-4.4.0.jar:/Users/alex/zmh/repo/java/apache-maven-3.8.5/repo/net/bytebuddy/byte-buddy/1.12.8/byte-buddy-1.12.8.jar:/Users/alex/zmh/repo/java/apache-maven-3.8.5/repo/net/bytebuddy/byte-buddy-agent/1.12.8/byte-buddy-agent-1.12.8.jar:/Users/alex/zmh/repo/java/apache-maven-3.8.5/repo/org/objenesis/objenesis/3.2/objenesis-3.2.jar:/Users/alex/zmh/repo/java/apache-maven-3.8.5/repo/org/mockito/mockito-junit-jupiter/4.4.0/mockito-junit-jupiter-4.4.0.jar:/Users/alex/zmh/repo/java/apache-maven-3.8.5/repo/org/skyscreamer/jsonassert/1.5.0/jsonassert-1.5.0.jar:/Users/alex/zmh/repo/java/apache-maven-3.8.5/repo/com/vaadin/external/google/android-json/0.0.20131108.vaadin1/android-json-0.0.20131108.vaadin1.jar:/Users/alex/zmh/repo/java/apache-maven-3.8.5/repo/org/springframework/spring-test/5.3.19-SNAPSHOT/spring-test-5.3.19-SNAPSHOT.jar:/Users/alex/zmh/repo/java/apache-maven-3.8.5/repo/org/xmlunit/xmlunit-core/2.9.0/xmlunit-core-2.9.0.jar:"/>
    <property name="sun.cpu.endian" value="little"/>
    <property name="user.home" value="/Users/alex"/>
    <property name="user.language" value="en"/>
    <property name="java.specification.vendor" value="Oracle Corporation"/>
    <property name="java.version.date" value="2019-01-15"/>
    <property name="java.home" value="/Library/Java/JavaVirtualMachines/jdk-11.0.2.jdk/Contents/Home"/>
    <property name="file.separator" value="/"/>
    <property name="basedir" value="/Users/alex/zmh/repo/java/wow-backend"/>
    <property name="java.vm.compressedOopsMode" value="Zero based"/>
    <property name="line.separator" value="&#10;"/>
    <property name="java.specification.name" value="Java Platform API Specification"/>
    <property name="java.vm.specification.vendor" value="Oracle Corporation"/>
    <property name="java.awt.graphicsenv" value="sun.awt.CGraphicsEnvironment"/>
    <property name="surefire.real.class.path" value="/Users/alex/zmh/repo/java/wow-backend/target/surefire/surefirebooter703751178032866452.jar"/>
    <property name="sun.management.compiler" value="HotSpot 64-Bit Tiered Compilers"/>
    <property name="ftp.nonProxyHosts" value="local|*.local|169.254/16|*.169.254/16"/>
    <property name="java.runtime.version" value="11.0.2+9-LTS"/>
    <property name="user.name" value="alex"/>
    <property name="path.separator" value=":"/>
    <property name="os.version" value="10.16"/>
    <property name="java.runtime.name" value="Java(TM) SE Runtime Environment"/>
    <property name="file.encoding" value="UTF-8"/>
    <property name="java.vm.name" value="Java HotSpot(TM) 64-Bit Server VM"/>
    <property name="java.vendor.version" value="18.9"/>
    <property name="localRepository" value="/Users/alex/zmh/repo/java/apache-maven-3.8.5/repo"/>
    <property name="java.vendor.url.bug" value="http://bugreport.java.com/bugreport/"/>
    <property name="java.io.tmpdir" value="/var/folders/dg/zb939_8j4lq2_7cgw3xzp5540000gn/T/"/>
    <property name="idea.version" value="2021.3.3"/>
    <property name="java.version" value="11.0.2"/>
    <property name="user.dir" value="/Users/alex/zmh/repo/java/wow-backend"/>
    <property name="os.arch" value="x86_64"/>
    <property name="java.vm.specification.name" value="Java Virtual Machine Specification"/>
    <property name="java.awt.printerjob" value="sun.lwawt.macosx.CPrinterJob"/>
    <property name="sun.os.patch.level" value="unknown"/>
    <property name="java.library.path" value="/Users/alex/Library/Java/Extensions:/Library/Java/Extensions:/Network/Library/Java/Extensions:/System/Library/Java/Extensions:/usr/lib/java:."/>
    <property name="java.vendor" value="Oracle Corporation"/>
    <property name="java.vm.info" value="mixed mode"/>
    <property name="java.vm.version" value="11.0.2+9-LTS"/>
    <property name="sun.io.unicode.encoding" value="UnicodeBig"/>
    <property name="maven.repo.local" value="/Users/alex/zmh/repo/java/apache-maven-3.8.5/repo"/>
    <property name="java.class.version" value="55.0"/>
    <property name="socksNonProxyHosts" value="local|*.local|169.254/16|*.169.254/16"/>
  </properties>
  <testcase name="contextLoads" classname="com.wowbackend.WowBackendApplicationTests" time="0.359"/>
</testsuite>